\BOOKMARK [0][-]{chapter*.1}{摘要}{}% 1
\BOOKMARK [0][-]{chapter*.2}{Abstract}{}% 2
\BOOKMARK [0][-]{chapter.1}{绪论}{}% 3
\BOOKMARK [1][-]{section.1.1}{课题背景}{chapter.1}% 4
\BOOKMARK [1][-]{section.1.2}{本文的主要工作}{chapter.1}% 5
\BOOKMARK [1][-]{section.1.3}{本文结构安排}{chapter.1}% 6
\BOOKMARK [0][-]{chapter.2}{相关工作综述}{}% 7
\BOOKMARK [1][-]{section.2.1}{推荐系统的研究现状}{chapter.2}% 8
\BOOKMARK [1][-]{section.2.2}{基于协同过滤的推荐系统}{chapter.2}% 9
\BOOKMARK [2][-]{subsection.2.2.1}{基于近邻的协同过滤}{section.2.2}% 10
\BOOKMARK [2][-]{subsection.2.2.2}{基于潜在特征的协同过滤}{section.2.2}% 11
\BOOKMARK [1][-]{section.2.3}{概率主题模型}{chapter.2}% 12
\BOOKMARK [1][-]{section.2.4}{跨域推荐系统}{chapter.2}% 13
\BOOKMARK [2][-]{subsection.2.4.1}{基于迁移学习的模型}{section.2.4}% 14
\BOOKMARK [2][-]{subsection.2.4.2}{基于语义桥的跨域推荐}{section.2.4}% 15
\BOOKMARK [1][-]{section.2.5}{本章小结}{chapter.2}% 16
\BOOKMARK [0][-]{chapter.3}{结合标签主题的跨域推荐算法}{}% 17
\BOOKMARK [1][-]{section.3.1}{初步定义}{chapter.3}% 18
\BOOKMARK [1][-]{section.3.2}{单一域建模}{chapter.3}% 19
\BOOKMARK [2][-]{subsection.3.2.1}{低相关标签过滤}{section.3.2}% 20
\BOOKMARK [2][-]{subsection.3.2.2}{结合物品标签的协同过滤}{section.3.2}% 21
\BOOKMARK [2][-]{subsection.3.2.3}{标签主题聚类}{section.3.2}% 22
\BOOKMARK [1][-]{section.3.3}{跨域推荐模型}{chapter.3}% 23
\BOOKMARK [1][-]{section.3.4}{本章小结}{chapter.3}% 24
\BOOKMARK [0][-]{chapter.4}{实验与分析}{}% 25
\BOOKMARK [1][-]{section.4.1}{数据集及预处理}{chapter.4}% 26
\BOOKMARK [1][-]{section.4.2}{实验设计}{chapter.4}% 27
\BOOKMARK [2][-]{subsection.4.2.1}{数据集划分}{section.4.2}% 28
\BOOKMARK [2][-]{subsection.4.2.2}{评价标准}{section.4.2}% 29
\BOOKMARK [2][-]{subsection.4.2.3}{参数设置}{section.4.2}% 30
\BOOKMARK [2][-]{subsection.4.2.4}{LDA 主题建模}{section.4.2}% 31
\BOOKMARK [1][-]{section.4.3}{实验结果分析}{chapter.4}% 32
\BOOKMARK [2][-]{subsection.4.3.1}{单个域推荐}{section.4.3}% 33
\BOOKMARK [2][-]{subsection.4.3.2}{跨域推荐}{section.4.3}% 34
\BOOKMARK [1][-]{section.4.4}{本章小结}{chapter.4}% 35
\BOOKMARK [0][-]{chapter.5}{总结和展望}{}% 36
\BOOKMARK [1][-]{section.5.1}{本文工作总结}{chapter.5}% 37
\BOOKMARK [1][-]{section.5.2}{未来工作展望}{chapter.5}% 38
\BOOKMARK [0][-]{chapter*.4}{参考文献}{}% 39
\BOOKMARK [0][-]{chapter*.5}{致谢}{}% 40
