This is XeTeX, Version 3.14159265-2.6-0.99996 (TeX Live 2016) (preloaded format=xelatex 2017.3.8)  27 MAY 2017 13:58
entering extended mode
 restricted \write18 enabled.
 %&-line parsing enabled.
**assignment.tex
(./assignment.tex
LaTeX2e <2016/03/31>
Babel <3.9r> and hyphenation patterns for 83 language(s) loaded.
! Undefined control sequence.
l.9     \songti
               \erhao\bfseries
The control sequence at the end of the top line
of your error message was never \def'ed. If you have
misspelled it (e.g., `\hobx'), type `I' and the correct
spelling (e.g., `I\hbox'). Otherwise just continue,
and I'll forget about whatever was undefined.

! Undefined control sequence.
l.9     \songti\erhao
                     \bfseries
The control sequence at the end of the top line
of your error message was never \def'ed. If you have
misspelled it (e.g., `\hobx'), type `I' and the correct
spelling (e.g., `I\hbox'). Otherwise just continue,
and I'll forget about whatever was undefined.


! LaTeX Error: Missing \begin{document}.

See the LaTeX manual or LaTeX Companion for explanation.
Type  H <return>  for immediate help.
 ...                                              
                                                  
l.10     æœ¬
            ç§‘ç”Ÿæ¯•ä¸šè®ºæ–‡ï¼ˆè®¾è®¡ï¼‰ä»»åŠ¡ä¹¦ \par
You're in trouble here.  Try typing  <return>  to proceed.
If that doesn't work, type  X <return>  to quit.

Missing character: There is no æœ¬ in font cmbx10!
Missing character: There is no ç§‘ in font cmbx10!
Missing character: There is no ç”Ÿ in font cmbx10!
Missing character: There is no æ¯• in font cmbx10!
Missing character: There is no ä¸š in font cmbx10!
Missing character: There is no è®º in font cmbx10!
Missing character: There is no æ–‡ in font cmbx10!
Missing character: There is no ï¼ˆ in font cmbx10!
Missing character: There is no è®¾ in font cmbx10!
Missing character: There is no è®¡ in font cmbx10!
Missing character: There is no ï¼‰ in font cmbx10!
Missing character: There is no ä»» in font cmbx10!
Missing character: There is no åŠ¡ in font cmbx10!
Missing character: There is no ä¹¦ in font cmbx10!
! Undefined control sequence.
l.16     \songti
                \xiaosi\bfseries
The control sequence at the end of the top line
of your error message was never \def'ed. If you have
misspelled it (e.g., `\hobx'), type `I' and the correct
spelling (e.g., `I\hbox'). Otherwise just continue,
and I'll forget about whatever was undefined.

! Undefined control sequence.
l.16     \songti\xiaosi
                       \bfseries
The control sequence at the end of the top line
of your error message was never \def'ed. If you have
misspelled it (e.g., `\hobx'), type `I' and the correct
spelling (e.g., `I\hbox'). Otherwise just continue,
and I'll forget about whatever was undefined.


! LaTeX Error: Missing \begin{document}.

See the LaTeX manual or LaTeX Companion for explanation.
Type  H <return>  for immediate help.
 ...                                              
                                                  
l.17     ä¸€
            ã€ \; é¢˜ç›® \; \underline{\makebox{\zjutitlec}}
You're in trouble here.  Try typing  <return>  to proceed.
If that doesn't work, type  X <return>  to quit.

Missing character: There is no ä¸€ in font cmbx10!
Missing character: There is no ã€ in font cmbx10!
! Missing $ inserted.
<inserted text> 
                $
l.17     ä¸€ã€ \;
                   é¢˜ç›® \; \underline{\makebox{\zjutitlec}}
I've inserted a begin-math/end-math symbol since I think
you left one out. Proceed, with fingers crossed.

LaTeX Font Info:    External font `cmex10' loaded for size
(Font)              <7> on input line 17.
LaTeX Font Info:    External font `cmex10' loaded for size
(Font)              <5> on input line 17.
! Undefined control sequence.
<argument> \zjutitlec 
                      
l.17 ...é¢˜ç›® \; \underline{\makebox{\zjutitlec}}
                                                  
The control sequence at the end of the top line
of your error message was never \def'ed. If you have
misspelled it (e.g., `\hobx'), type `I' and the correct
spelling (e.g., `I\hbox'). Otherwise just continue,
and I'll forget about whatever was undefined.

! Missing $ inserted.
<inserted text> 
                $
l.18 
     
I've inserted a begin-math/end-math symbol since I think
you left one out. Proceed, with fingers crossed.

Missing character: There is no é¢˜ in font cmr10!
Missing character: There is no ç›® in font cmr10!

! LaTeX Error: Missing \begin{document}.

See the LaTeX manual or LaTeX Companion for explanation.
Type  H <return>  for immediate help.
 ...                                              
                                                  
l.21     äºŒ
            ã€ \; æŒ‡å¯¼æ•™å¸ˆå¯¹æ¯•ä¸šè®ºæ–‡ï¼ˆè®¾è®¡ï¼‰çš„è¿›åº¦å®‰æ’åŠ...

You're in trouble here.  Try typing  <return>  to proceed.
If that doesn't work, type  X <return>  to quit.

Missing character: There is no äºŒ in font cmbx10!
Missing character: There is no ã€ in font cmbx10!
! Missing $ inserted.
<inserted text> 
                $
l.21     äºŒã€ \;
                   æŒ‡å¯¼æ•™å¸ˆå¯¹æ¯•ä¸šè®ºæ–‡ï¼ˆè®¾è®¡ï¼‰çš„è¿›åº¦å®‰æ’åŠ...
I've inserted a begin-math/end-math symbol since I think
you left one out. Proceed, with fingers crossed.

! Missing $ inserted.
<inserted text> 
                $
l.22 
     
I've inserted a begin-math/end-math symbol since I think
you left one out. Proceed, with fingers crossed.

Missing character: There is no æŒ‡ in font cmr10!
Missing character: There is no å¯¼ in font cmr10!
Missing character: There is no æ•™ in font cmr10!
Missing character: There is no å¸ˆ in font cmr10!
Missing character: There is no å¯¹ in font cmr10!
Missing character: There is no æ¯• in font cmr10!
Missing character: There is no ä¸š in font cmr10!
Missing character: There is no è®º in font cmr10!
Missing character: There is no æ–‡ in font cmr10!
Missing character: There is no ï¼ˆ in font cmr10!
Missing character: There is no è®¾ in font cmr10!
Missing character: There is no è®¡ in font cmr10!
Missing character: There is no ï¼‰ in font cmr10!
Missing character: There is no çš„ in font cmr10!
Missing character: There is no è¿› in font cmr10!
Missing character: There is no åº¦ in font cmr10!
Missing character: There is no å®‰ in font cmr10!
Missing character: There is no æ’ in font cmr10!
Missing character: There is no åŠ in font cmr10!
Missing character: There is no ä»» in font cmr10!
Missing character: There is no åŠ¡ in font cmr10!
Missing character: There is no è¦ in font cmr10!
Missing character: There is no æ±‚ in font cmr10!

! LaTeX Error: Missing \begin{document}.

See the LaTeX manual or LaTeX Companion for explanation.
Type  H <return>  for immediate help.
 ...                                              
                                                  
l.24     è¯¥
            æ¯•ä¸šè®ºæ–‡è¦æ±‚åœ¨å¯¹ååŒè¿‡æ»¤æ¨¡å‹ç›¸å…³å›½å†…å¤–ç ”ç©¶ç...

You're in trouble here.  Try typing  <return>  to proceed.
If that doesn't work, type  X <return>  to quit.

Missing character: There is no è¯¥ in font cmbx10!
Missing character: There is no æ¯• in font cmbx10!
Missing character: There is no ä¸š in font cmbx10!
Missing character: There is no è®º in font cmbx10!
Missing character: There is no æ–‡ in font cmbx10!
Missing character: There is no è¦ in font cmbx10!
Missing character: There is no æ±‚ in font cmbx10!
Missing character: There is no åœ¨ in font cmbx10!
Missing character: There is no å¯¹ in font cmbx10!
Missing character: There is no å in font cmbx10!
Missing character: There is no åŒ in font cmbx10!
Missing character: There is no è¿‡ in font cmbx10!
Missing character: There is no æ»¤ in font cmbx10!
Missing character: There is no æ¨¡ in font cmbx10!
Missing character: There is no å‹ in font cmbx10!
Missing character: There is no ç›¸ in font cmbx10!
Missing character: There is no å…³ in font cmbx10!
Missing character: There is no å›½ in font cmbx10!
Missing character: There is no å†… in font cmbx10!
Missing character: There is no å¤– in font cmbx10!
Missing character: There is no ç ” in font cmbx10!
Missing character: There is no ç©¶ in font cmbx10!
Missing character: There is no ç° in font cmbx10!
Missing character: There is no çŠ¶ in font cmbx10!
Missing character: There is no è¿› in font cmbx10!
Missing character: There is no è¡Œ in font cmbx10!
Missing character: There is no æ·± in font cmbx10!
Missing character: There is no å…¥ in font cmbx10!
Missing character: There is no åˆ† in font cmbx10!
Missing character: There is no æ in font cmbx10!
Missing character: There is no çš„ in font cmbx10!
Missing character: There is no åŸº in font cmbx10!
Missing character: There is no ç¡€ in font cmbx10!
Missing character: There is no ä¸Š in font cmbx10!
Missing character: There is no é‡ in font cmbx10!
Missing character: There is no ç‚¹ in font cmbx10!
Missing character: There is no å›´ in font cmbx10!
Missing character: There is no ç»• in font cmbx10!
Missing character: There is no ç»“ in font cmbx10!
Missing character: There is no åˆ in font cmbx10!
Missing character: There is no æ ‡ in font cmbx10!
Missing character: There is no ç­¾ in font cmbx10!
Missing character: There is no çš„ in font cmbx10!
Missing character: There is no è·¨ in font cmbx10!
Missing character: There is no åŸŸ in font cmbx10!
Missing character: There is no æ¨ in font cmbx10!
Missing character: There is no è in font cmbx10!
Missing character: There is no æ¨¡ in font cmbx10!
Missing character: There is no å‹ in font cmbx10!
Missing character: There is no å±• in font cmbx10!
Missing character: There is no å¼€ in font cmbx10!
Missing character: There is no ç ” in font cmbx10!
Missing character: There is no ç©¶ in font cmbx10!
Missing character: There is no ã€‚ in font cmbx10!
Missing character: There is no å® in font cmbx10!
Missing character: There is no éªŒ in font cmbx10!
Missing character: There is no è¿‡ in font cmbx10!
Missing character: There is no ç¨‹ in font cmbx10!
Missing character: There is no è¦ in font cmbx10!
Missing character: There is no ä¸¥ in font cmbx10!
Missing character: There is no è°¨ in font cmbx10!
Missing character: There is no æœ‰ in font cmbx10!
Missing character: There is no æ•ˆ in font cmbx10!
Missing character: There is no ï¼Œ in font cmbx10!
Missing character: There is no å® in font cmbx10!
Missing character: There is no éªŒ in font cmbx10!
Missing character: There is no ç»“ in font cmbx10!
Missing character: There is no æœ in font cmbx10!
Missing character: There is no è¦ in font cmbx10!
Missing character: There is no æ¸… in font cmbx10!
Missing character: There is no æ™° in font cmbx10!
Missing character: There is no å¯ in font cmbx10!
Missing character: There is no ä¿¡ in font cmbx10!
Missing character: There is no ã€‚ in font cmbx10!
Missing character: There is no è¿› in font cmbx10!
Missing character: There is no åº¦ in font cmbx10!
Missing character: There is no å®‰ in font cmbx10!
Missing character: There is no æ’ in font cmbx10!
Missing character: There is no å¦‚ in font cmbx10!
Missing character: There is no ä¸‹ in font cmbx10!
Missing character: There is no ç ” in font cmbx10!
Missing character: There is no ç©¶ in font cmbx10!
Missing character: There is no æ–¹ in font cmbx10!
Missing character: There is no æ¡ˆ in font cmbx10!
Missing character: There is no ç¡® in font cmbx10!
Missing character: There is no å®š in font cmbx10!
Missing character: There is no æ¨¡ in font cmbx10!
Missing character: There is no å‹ in font cmbx10!
Missing character: There is no çš„ in font cmbx10!
Missing character: There is no å»º in font cmbx10!
Missing character: There is no ç«‹ in font cmbx10!
Missing character: There is no ä¸ in font cmbx10!
Missing character: There is no ç®— in font cmbx10!
Missing character: There is no æ³• in font cmbx10!
Missing character: There is no å® in font cmbx10!
Missing character: There is no ç° in font cmbx10!
Missing character: There is no å® in font cmbx10!
Missing character: There is no éªŒ in font cmbx10!
Missing character: There is no ä¸ in font cmbx10!
Missing character: There is no åˆ† in font cmbx10!
Missing character: There is no æ in font cmbx10!
Missing character: There is no è®º in font cmbx10!
Missing character: There is no æ–‡ in font cmbx10!
Missing character: There is no æ’° in font cmbx10!
Missing character: There is no å†™ in font cmbx10!

Overfull \hbox (3.19443pt too wide) in paragraph at lines 24--30
[]\OT1/cmr/bx/n/10 ,
 []


Overfull \hbox (3.19443pt too wide) in paragraph at lines 24--30
\OT1/cmr/bx/n/10 :
 []


Overfull \hbox (24.27765pt too wide) in paragraph at lines 24--30
\OT1/cmr/bx/n/10 3.01-
 []


Overfull \hbox (20.44434pt too wide) in paragraph at lines 24--30
\OT1/cmr/bx/n/10 3.15
 []


Overfull \hbox (24.27765pt too wide) in paragraph at lines 24--30
\OT1/cmr/bx/n/10 3.16-
 []


Overfull \hbox (20.44434pt too wide) in paragraph at lines 24--30
\OT1/cmr/bx/n/10 4.15
 []


Overfull \hbox (24.27765pt too wide) in paragraph at lines 24--30
\OT1/cmr/bx/n/10 4.15-
 []


Overfull \hbox (20.44434pt too wide) in paragraph at lines 24--30
\OT1/cmr/bx/n/10 5.15
 []


Overfull \hbox (24.27765pt too wide) in paragraph at lines 24--30
\OT1/cmr/bx/n/10 5.16-
 []


Overfull \hbox (20.44434pt too wide) in paragraph at lines 24--30
\OT1/cmr/bx/n/10 5.30
 []


! LaTeX Error: Missing \begin{document}.

See the LaTeX manual or LaTeX Companion for explanation.
Type  H <return>  for immediate help.
 ...                                              
                                                  
l.33     \hfill
                èµ·è®«æ—¥æœŸ \hspace{2em} å¹´ \hspace{1em} æœˆ \hspace{1em} ...

You're in trouble here.  Try typing  <return>  to proceed.
If that doesn't work, type  X <return>  to quit.

Missing character: There is no èµ· in font cmbx10!
Missing character: There is no è®« in font cmbx10!
Missing character: There is no æ—¥ in font cmbx10!
Missing character: There is no æœŸ in font cmbx10!
Missing character: There is no å¹´ in font cmbx10!
Missing character: There is no æœˆ in font cmbx10!
Missing character: There is no æ—¥ in font cmbx10!
! Missing $ inserted.
<inserted text> 
                $
l.33 ...} å¹´ \hspace{1em} æœˆ \hspace{1em} æ—¥ \;
                                                   è‡³ \hspace{2em} å¹´ \hsp...
I've inserted a begin-math/end-math symbol since I think
you left one out. Proceed, with fingers crossed.

! Missing $ inserted.
<inserted text> 
                $
l.34 
     
I've inserted a begin-math/end-math symbol since I think
you left one out. Proceed, with fingers crossed.

Missing character: There is no è‡³ in font cmr10!
Missing character: There is no å¹´ in font cmr10!
Missing character: There is no æœˆ in font cmr10!
Missing character: There is no æ—¥ in font cmr10!

! LaTeX Error: Missing \begin{document}.

See the LaTeX manual or LaTeX Companion for explanation.
Type  H <return>  for immediate help.
 ...                                              
                                                  
l.37     \hfill
                æŒ‡å¯¼æ•™å¸ˆï¼ˆç­¾åï¼‰ \; \underline{\hspace{4em}} \; èŒç...

You're in trouble here.  Try typing  <return>  to proceed.
If that doesn't work, type  X <return>  to quit.

Missing character: There is no æŒ‡ in font cmbx10!
Missing character: There is no å¯¼ in font cmbx10!
Missing character: There is no æ•™ in font cmbx10!
Missing character: There is no å¸ˆ in font cmbx10!
Missing character: There is no ï¼ˆ in font cmbx10!
Missing character: There is no ç­¾ in font cmbx10!
Missing character: There is no å in font cmbx10!
Missing character: There is no ï¼‰ in font cmbx10!
! Missing $ inserted.
<inserted text> 
                $
l.37     \hfill æŒ‡å¯¼æ•™å¸ˆï¼ˆç­¾åï¼‰ \;
                                            \underline{\hspace{4em}} \; èŒç...
I've inserted a begin-math/end-math symbol since I think
you left one out. Proceed, with fingers crossed.

! Missing $ inserted.
<inserted text> 
                $
l.38 
     
I've inserted a begin-math/end-math symbol since I think
you left one out. Proceed, with fingers crossed.

Missing character: There is no èŒ in font cmr10!
Missing character: There is no ç§° in font cmr10!

Overfull \hbox (97.55493pt too wide) in paragraph at lines 37--38
[]  []$ 
 []


! LaTeX Error: Missing \begin{document}.

See the LaTeX manual or LaTeX Companion for explanation.
Type  H <return>  for immediate help.
 ...                                              
                                                  
l.41     ä¸‰
            ã€ \; å­¦é™¢å®¡æ ¸æ„è§
You're in trouble here.  Try typing  <return>  to proceed.
If that doesn't work, type  X <return>  to quit.

Missing character: There is no ä¸‰ in font cmbx10!
Missing character: There is no ã€ in font cmbx10!
! Missing $ inserted.
<inserted text> 
                $
l.41     ä¸‰ã€ \;
                   å­¦é™¢å®¡æ ¸æ„è§
I've inserted a begin-math/end-math symbol since I think
you left one out. Proceed, with fingers crossed.

! Missing $ inserted.
<inserted text> 
                $
l.42 
     
I've inserted a begin-math/end-math symbol since I think
you left one out. Proceed, with fingers crossed.

Missing character: There is no å­¦ in font cmr10!
Missing character: There is no é™¢ in font cmr10!
Missing character: There is no å®¡ in font cmr10!
Missing character: There is no æ ¸ in font cmr10!
Missing character: There is no æ„ in font cmr10!
Missing character: There is no è§ in font cmr10!

! LaTeX Error: Missing \begin{document}.

See the LaTeX manual or LaTeX Companion for explanation.
Type  H <return>  for immediate help.
 ...                                              
                                                  
l.45     \hfill
                è´Ÿè´£äººï¼ˆç­¾åï¼‰ \; \underline{\hspace{4em}}
You're in trouble here.  Try typing  <return>  to proceed.
If that doesn't work, type  X <return>  to quit.

Missing character: There is no è´Ÿ in font cmbx10!
Missing character: There is no è´£ in font cmbx10!
Missing character: There is no äºº in font cmbx10!
Missing character: There is no ï¼ˆ in font cmbx10!
Missing character: There is no ç­¾ in font cmbx10!
Missing character: There is no å in font cmbx10!
Missing character: There is no ï¼‰ in font cmbx10!
! Missing $ inserted.
<inserted text> 
                $
l.45     \hfill è´Ÿè´£äººï¼ˆç­¾åï¼‰ \;
                                         \underline{\hspace{4em}}
I've inserted a begin-math/end-math symbol since I think
you left one out. Proceed, with fingers crossed.

! Missing $ inserted.
<inserted text> 
                $
l.46 
     
I've inserted a begin-math/end-math symbol since I think
you left one out. Proceed, with fingers crossed.


Overfull \hbox (45.99976pt too wide) in paragraph at lines 45--46
[]$ 
 []


! LaTeX Error: Missing \begin{document}.

See the LaTeX manual or LaTeX Companion for explanation.
Type  H <return>  for immediate help.
 ...                                              
                                                  
l.49     \hfill
                \hspace{2em} å¹´ \hspace{1em} æœˆ \hspace{1em} æ—¥ \par
You're in trouble here.  Try typing  <return>  to proceed.
If that doesn't work, type  X <return>  to quit.

Missing character: There is no å¹´ in font cmbx10!
Missing character: There is no æœˆ in font cmbx10!
Missing character: There is no æ—¥ in font cmbx10!
)
! Emergency stop.
<*> assignment.tex
                  
*** (job aborted, no legal \end found)

 
Here is how much of TeX's memory you used:
 10 strings out of 493591
 116 string characters out of 6143547
 54754 words of memory out of 5000000
 3518 multiletter control sequences out of 15000+600000
 3948 words of font info for 15 fonts, out of 8000000 for 9000
 1347 hyphenation exceptions out of 8191
 19i,3n,12p,127b,113s stack positions out of 5000i,500n,10000p,200000b,80000s
No pages of output.
