This is XeTeX, Version 3.1415926-2.2-0.999.7 (MiKTeX 2.7) (preloaded format=xelatex 2009.11.22)  8 MAR 2011 11:47
entering extended mode
**main.tex
(main.tex
LaTeX2e <2005/12/01>
Babel <v3.8l> and hyphenation patterns for english, dumylang, nohyphenation, ge
rman, ngerman, german-x-2009-06-19, ngerman-x-2009-06-19, french, loaded.
(csbachelor.cls

LaTeX Warning: You have requested document class `csbachelor',
               but the document class provides `cskeleton'.

Document Class: cskeleton 2008/10/24 v0.1 ZJU Dissertation Class
(D:\CTEX\MiKTeX\tex\latex\base\book.cls
Document Class: book 2005/09/16 v1.4f Standard LaTeX document class
(D:\CTEX\MiKTeX\tex\latex\base\bk12.clo
File: bk12.clo 2005/09/16 v1.4f Standard LaTeX file (size option)
)
\c@part=\count79
\c@chapter=\count80
\c@section=\count81
\c@subsection=\count82
\c@subsubsection=\count83
\c@paragraph=\count84
\c@subparagraph=\count85
\c@figure=\count86
\c@table=\count87
\abovecaptionskip=\skip41
\belowcaptionskip=\skip42
\bibindent=\dimen102
)
(D:\CTEX\MiKTeX\tex\latex\geometry\geometry.sty
Package: geometry 2008/12/21 v4.2 Page Geometry

(D:\CTEX\MiKTeX\tex\latex\graphics\keyval.sty
Package: keyval 1999/03/16 v1.13 key=value parser (DPC)
\KV@toks@=\toks14
)
(D:\CTEX\MiKTeX\tex\generic\oberdiek\ifpdf.sty
Package: ifpdf 2009/04/10 v2.0 Provides the ifpdf switch (HO)
Package ifpdf Info: pdfTeX in pdf mode not detected.
)
(D:\CTEX\MiKTeX\tex\generic\oberdiek\ifvtex.sty
Package: ifvtex 2008/11/04 v1.4 Switches for detecting VTeX and its modes (HO)
Package ifvtex Info: VTeX not detected.
)
\Gm@cnth=\count88
\Gm@cntv=\count89
\c@Gm@tempcnt=\count90
\Gm@bindingoffset=\dimen103
\Gm@wd@mp=\dimen104
\Gm@odd@mp=\dimen105
\Gm@even@mp=\dimen106
\Gm@dimlist=\toks15

(D:\CTEX\MiKTeX\tex\xelatex\xetexconfig\geometry.cfg))
(D:\CTEX\MiKTeX\tex\latex\base\ifthen.sty
Package: ifthen 2001/05/26 v1.1c Standard LaTeX ifthen package (DPC)
)
(D:\CTEX\MiKTeX\tex\latex\tools\calc.sty
Package: calc 2005/08/06 v4.2 Infix arithmetic (KKT,FJ)
\calc@Acount=\count91
\calc@Bcount=\count92
\calc@Adimen=\dimen107
\calc@Bdimen=\dimen108
\calc@Askip=\skip43
\calc@Bskip=\skip44
LaTeX Info: Redefining \setlength on input line 75.
LaTeX Info: Redefining \addtolength on input line 76.
\calc@Ccount=\count93
\calc@Cskip=\skip45
)
(D:\CTEX\MiKTeX\tex\latex\ams\math\amsmath.sty
Package: amsmath 2000/07/18 v2.13 AMS math features
\@mathmargin=\skip46

For additional information on amsmath, use the `?' option.
(D:\CTEX\MiKTeX\tex\latex\ams\math\amstext.sty
Package: amstext 2000/06/29 v2.01

(D:\CTEX\MiKTeX\tex\latex\ams\math\amsgen.sty
File: amsgen.sty 1999/11/30 v2.0
\@emptytoks=\toks16
\ex@=\dimen109
))
(D:\CTEX\MiKTeX\tex\latex\ams\math\amsbsy.sty
Package: amsbsy 1999/11/29 v1.2d
\pmbraise@=\dimen110
)
(D:\CTEX\MiKTeX\tex\latex\ams\math\amsopn.sty
Package: amsopn 1999/12/14 v2.01 operator names
)
\inf@bad=\count94
LaTeX Info: Redefining \frac on input line 211.
\uproot@=\count95
\leftroot@=\count96
LaTeX Info: Redefining \overline on input line 307.
\classnum@=\count97
\DOTSCASE@=\count98
LaTeX Info: Redefining \ldots on input line 379.
LaTeX Info: Redefining \dots on input line 382.
LaTeX Info: Redefining \cdots on input line 467.
\Mathstrutbox@=\box26
\strutbox@=\box27
\big@size=\dimen111
LaTeX Font Info:    Redeclaring font encoding OML on input line 567.
LaTeX Font Info:    Redeclaring font encoding OMS on input line 568.
\macc@depth=\count99
\c@MaxMatrixCols=\count100
\dotsspace@=\muskip10
\c@parentequation=\count101
\dspbrk@lvl=\count102
\tag@help=\toks17
\row@=\count103
\column@=\count104
\maxfields@=\count105
\andhelp@=\toks18
\eqnshift@=\dimen112
\alignsep@=\dimen113
\tagshift@=\dimen114
\tagwidth@=\dimen115
\totwidth@=\dimen116
\lineht@=\dimen117
\@envbody=\toks19
\multlinegap=\skip47
\multlinetaggap=\skip48
\mathdisplay@stack=\toks20
LaTeX Info: Redefining \[ on input line 2666.
LaTeX Info: Redefining \] on input line 2667.
)
(D:\CTEX\MiKTeX\tex\latex\amsfonts\amssymb.sty
Package: amssymb 2009/06/22 v3.00

(D:\CTEX\MiKTeX\tex\latex\amsfonts\amsfonts.sty
Package: amsfonts 2009/06/22 v3.00 Basic AMSFonts support
\symAMSa=\mathgroup4
\symAMSb=\mathgroup5
LaTeX Font Info:    Overwriting math alphabet `\mathfrak' in version `bold'
(Font)                  U/euf/m/n --> U/euf/b/n on input line 96.
))
(D:\CTEX\MiKTeX\tex\latex\jknappen\mathrsfs.sty
Package: mathrsfs 1996/01/01 Math RSFS package v1.0 (jk)
\symrsfs=\mathgroup6
)
(D:\CTEX\MiKTeX\tex\latex\ams\classes\amsthm.sty
Package: amsthm 2004/08/06 v2.20
\thm@style=\toks21
\thm@bodyfont=\toks22
\thm@headfont=\toks23
\thm@notefont=\toks24
\thm@headpunct=\toks25
\thm@preskip=\skip49
\thm@postskip=\skip50
\thm@headsep=\skip51
\dth@everypar=\toks26
)
(D:\CTEX\MiKTeX\tex\xelatex\fontspec\fontspec.sty
Package: fontspec 2008/08/09 v1.18 Advanced font selection for XeLaTeX

(D:\CTEX\MiKTeX\tex\latex\ifxetex\ifxetex.sty
Package: ifxetex 2009/01/23 v0.5 Provides ifxetex conditional
)
\c@zf@newff=\count106
\c@zf@index=\count107
\c@zf@script=\count108
\c@zf@language=\count109

(D:\CTEX\MiKTeX\tex\latex\xkeyval\xkeyval.sty
Package: xkeyval 2008/08/13 v2.6a package option processing (HA)

(D:\CTEX\MiKTeX\tex\generic\xkeyval\xkeyval.tex
\XKV@toks=\toks27
\XKV@tempa@toks=\toks28
\XKV@depth=\count110
File: xkeyval.tex 2008/08/13 v2.6a key=value parser (HA)
))
(D:\CTEX\MiKTeX\tex\latex\base\fontenc.sty
Package: fontenc 2005/09/27 v1.99g Standard LaTeX package

(D:\CTEX\MiKTeX\tex\xelatex\euenc\eu1enc.def
File: eu1enc.def 2008/03/08 v0.1d Experimental unicode font encoding
)
LaTeX Font Info:    Try loading font information for EU1+lmr on input line 100.


(D:\CTEX\MiKTeX\tex\xelatex\euenc\eu1lmr.fd
File: eu1lmr.fd 2007/01/14 v1.3 Font defs for Latin Modern
))
LaTeX Info: Redefining \itshape on input line 1163.
LaTeX Info: Redefining \slshape on input line 1166.
LaTeX Info: Redefining \scshape on input line 1169.
LaTeX Info: Redefining \upshape on input line 1172.

fontspec.cfg loaded.
(D:\CTEX\MiKTeX\tex\xelatex\fontspec\fontspec.cfg))
(D:\CTEX\MiKTeX\tex\xelatex\xunicode\xunicode.sty
File: xunicode.sty 2008/02/08 v0.91 provides access to latin accents and many o
ther characters in Unicode lower plane
)
(D:\CTEX\MiKTeX\tex\xelatex\xltxtra\xltxtra.sty
Package: xltxtra 2009/09/02 v0.5 Improvements for the "XeLaTeX" format

(D:\CTEX\MiKTeX\tex\latex\metalogo\metalogo.sty
Package: metalogo 2009/09/04 v0.11 Extended TeX logo macros

(D:\CTEX\MiKTeX\tex\latex\graphics\graphicx.sty
Package: graphicx 1999/02/16 v1.0f Enhanced LaTeX Graphics (DPC,SPQR)

(D:\CTEX\MiKTeX\tex\latex\graphics\graphics.sty
Package: graphics 2006/02/20 v1.0o Standard LaTeX Graphics (DPC,SPQR)

(D:\CTEX\MiKTeX\tex\latex\graphics\trig.sty
Package: trig 1999/03/16 v1.09 sin cos tan (DPC)
)
(D:\CTEX\MiKTeX\tex\latex\00miktex\graphics.cfg
File: graphics.cfg 2007/01/18 v1.5 graphics configuration of teTeX/TeXLive
)
Package graphics Info: Driver file: xetex.def on input line 90.

(D:\CTEX\MiKTeX\tex\xelatex\xetex-def\xetex.def
File: xetex.def 2006/08/10 v0.92 LaTeX color/graphics driver for XeTeX (RRM, mo
d. JK)
))
\Gin@req@height=\dimen118
\Gin@req@width=\dimen119
)
\xl@everylogo=\toks29
\xl@@everylogo=\toks30
LaTeX Info: Redefining \TeX on input line 193.
LaTeX Info: Redefining \LaTeX on input line 202.
LaTeX Info: Redefining \LaTeXe on input line 219.
)
(D:\CTEX\MiKTeX\tex\latex\misc\etex.sty
Package: etex 1998/03/26 v2.0 eTeX basic definition package (PEB)
\et@xins=\count111
)
(D:\CTEX\MiKTeX\tex\latex\base\fixltx2e.sty
Package: fixltx2e 2006/03/24 v1.1n fixes to LaTeX
LaTeX Info: Redefining \em on input line 420.
LaTeX Info: The control sequence `\[' is already robust on input line 471.
LaTeX Info: The control sequence `\]' is already robust on input line 472.
)
LaTeX Info: Redefining \em on input line 72.
LaTeX Info: Redefining \emph on input line 81.
LaTeX Info: Redefining \- on input line 86.
LaTeX Info: Redefining \textsubscript on input line 105.
LaTeX Info: Redefining \textsuperscript on input line 107.
\xxt@tempbox=\box28
)
(D:\CTEX\MiKTeX\tex\latex\ltxmisc\ulem.sty
\UL@box=\box29
\UL@hyphenbox=\box30
\UL@skip=\skip52
\UL@hook=\toks31
\UL@pe=\count112
\UL@pixel=\dimen120
\ULC@box=\box31
Package: ulem 2000/05/26
\ULdepth=\dimen121
)
\c@zf@famc@Times New Roman=\count113
Package fontspec Info: Defining font family for 'Times New Roman' with options 
[] on input line 54.
\c@zf@famc@Arial=\count114
Package fontspec Info: Defining font family for 'Arial' with options [] on inpu
t line 55.
\c@zf@famc@Courier New=\count115
Package fontspec Info: Defining font family for 'Courier New' with options [] o
n input line 56.

(D:\CTEX\CTeX\tex\xelatex\xeCJK\xeCJK.sty
Package: xeCJK 2009/06/17 2.2.15
\xeCJK@cnta=\count116
\xeCJK@cntb=\count117
\xeCJK@cntc=\count118
\xeCJK@cntd=\count119
\xeCJK@cnte=\count120

(D:\CTEX\CTeX\tex\xelatex\xeCJK\xeCJKpunct.spa)
LaTeX Info: Redefining \rmfamily on input line 684.
LaTeX Info: Redefining \sffamily on input line 688.
LaTeX Info: Redefining \ttfamily on input line 692.
)
\c@zf@famc@SimSun=\count121
Package fontspec Info: Defining font family for 'SimSun' with options [BoldFont
={SimSun},ItalicFont={SimSun},BoldItalicFont={SimSun},BoldFeatures={RawFeature=
{embolden=4}},ItalicFeatures={RawFeature={slant=0.17}},BoldItalicFeatures={RawF
eature={slant=0.17,embolden=4}}] on input line 59.
LaTeX Info: Redefining \xeCJK@font@rm on input line 59.
\c@zf@famc@SimHei=\count122
Package fontspec Info: Defining font family for 'SimHei' with options [BoldFont
={SimHei},ItalicFont={SimHei},BoldItalicFont={SimHei},BoldFeatures={RawFeature=
{embolden=4}},ItalicFeatures={RawFeature={slant=0.17}},BoldItalicFeatures={RawF
eature={slant=0.17,embolden=4}}] on input line 60.

(D:\CTEX\MiKTeX\tex\latex\graphics\color.sty
Package: color 2005/11/14 v1.0j Standard LaTeX Color (DPC)

(D:\CTEX\MiKTeX\tex\latex\00miktex\color.cfg
File: color.cfg 2007/01/18 v1.5 color configuration of teTeX/TeXLive
)
Package color Info: Driver file: xetex.def on input line 130.
)
(D:\CTEX\MiKTeX\tex\latex\fancyhdr\fancyhdr.sty
\fancy@headwidth=\skip53
\f@ncyO@elh=\skip54
\f@ncyO@erh=\skip55
\f@ncyO@olh=\skip56
\f@ncyO@orh=\skip57
\f@ncyO@elf=\skip58
\f@ncyO@erf=\skip59
\f@ncyO@olf=\skip60
\f@ncyO@orf=\skip61
)
(D:\CTEX\MiKTeX\tex\latex\nomencl\nomencl.sty
Package: nomencl 2005/09/22 v4.2 Nomenclature package (LN)
\nomlabelwidth=\dimen122
\nom@tempdim=\dimen123
\nomitemsep=\skip62
)
(D:\CTEX\MiKTeX\tex\latex\titlesec\titlesec.sty
Package: titlesec 2007/08/12 v2.8 Sectioning titles
\ttl@box=\box32
\beforetitleunit=\skip63
\aftertitleunit=\skip64
\ttl@plus=\dimen124
\ttl@minus=\dimen125
\ttl@toksa=\toks32
\titlewidth=\dimen126
\titlewidthlast=\dimen127
\titlewidthfirst=\dimen128
)
(D:\CTEX\MiKTeX\tex\latex\titlesec\titletoc.sty
Package: titletoc 2007/08/12 v1.6 TOC entries
\ttl@leftsep=\dimen129
)
(D:\CTEX\MiKTeX\tex\xelatex\xetexurl\url.sty
\Urlmuskip=\muskip11
Package: url 2004/03/15  ver 3.1  Verb mode for urls, etc.
)
(D:\CTEX\MiKTeX\tex\latex\graphics\lscape.sty
Package: lscape 2000/10/22 v3.01 Landscape Pages (DPC)
)
(D:\CTEX\MiKTeX\tex\latex\tools\longtable.sty
Package: longtable 2004/02/01 v4.11 Multi-page Table package (DPC)
\LTleft=\skip65
\LTright=\skip66
\LTpre=\skip67
\LTpost=\skip68
\LTchunksize=\count123
\LTcapwidth=\dimen130
\LT@head=\box33
\LT@firsthead=\box34
\LT@foot=\box35
\LT@lastfoot=\box36
\LT@cols=\count124
\LT@rows=\count125
\c@LT@tables=\count126
\c@LT@chunks=\count127
\LT@p@ftn=\toks33
)
(D:\CTEX\MiKTeX\tex\latex\booktabs\booktabs.sty
Package: booktabs 2005/04/14 v1.61803 publication quality tables
\heavyrulewidth=\dimen131
\lightrulewidth=\dimen132
\cmidrulewidth=\dimen133
\belowrulesep=\dimen134
\belowbottomsep=\dimen135
\aboverulesep=\dimen136
\abovetopsep=\dimen137
\cmidrulesep=\dimen138
\cmidrulekern=\dimen139
\defaultaddspace=\dimen140
\@cmidla=\count128
\@cmidlb=\count129
\@aboverulesep=\dimen141
\@belowrulesep=\dimen142
\@thisruleclass=\count130
\@lastruleclass=\count131
\@thisrulewidth=\dimen143
)
(D:\CTEX\MiKTeX\tex\latex\caption\caption2.sty
Package: caption2 2008/07/01 v2.2c Customising captions (AS)


Package caption2 Warning: ****************************************************
(caption2)                THIS PACKAGE IS OBSOLETE:
(caption2)                This package attempts to provide an `caption2'
(caption2)                package v2.0/2.1 author environment so that OLD
(caption2)                documents can be successfully processed. It should
(caption2)                NOT be used for NEW documents! New documents should
(caption2)                use the regular `caption' package v3.x instead.
(caption2)                ****************************************************

(D:\CTEX\MiKTeX\tex\latex\caption\caption3.sty
Package: caption3 2008/08/24 v3.1j caption3 kernel (AR)
\captionmargin=\dimen144
\captionmargin@=\dimen145
\captionwidth=\dimen146
\caption@indent=\dimen147
\caption@parindent=\dimen148
\caption@hangindent=\dimen149
)
Package caption2 Info: Running in caption2 v2.0 compatibility mode on input lin
e 209.
\captionlinewidth=\dimen150
\realcaptionwidth=\dimen151
Package caption2 Info: longtable package v3.15 (or newer) detected on input lin
e 340.
)
(D:\CTEX\MiKTeX\tex\latex\multirow\multirow.sty
\bigstrutjot=\dimen152
)
(D:\CTEX\MiKTeX\tex\latex\tools\dcolumn.sty
Package: dcolumn 2001/05/28 v1.06 decimal alignment package (DPC)

(D:\CTEX\MiKTeX\tex\latex\tools\array.sty
Package: array 2005/08/23 v2.4b Tabular extension package (FMi)
\col@sep=\dimen153
\extrarowheight=\dimen154
\NC@list=\toks34
\extratabsurround=\skip69
\backup@length=\skip70
))
(D:\CTEX\MiKTeX\tex\latex\colortbl\colortbl.sty
Package: colortbl 2001/02/13 v0.1j Color table columns (DPC)
\everycr=\toks35
\minrowclearance=\skip71
)
(D:\CTEX\MiKTeX\tex\latex\ltxmisc\threeparttable.sty
Package: threeparttable 2003/06/13  v 3.0
\@tempboxb=\box37
)
\c@zf@famc@FangSong=\count132
Package fontspec Info: Defining font family for 'FangSong' with options [BoldFo
nt={FangSong},ItalicFont={FangSong},BoldItalicFont={FangSong},BoldFeatures={Raw
Feature={embolden=4}},ItalicFeatures={RawFeature={slant=0.17}},BoldItalicFeatur
es={RawFeature={slant=0.17,embolden=4}}] on input line 114.
\c@zf@famc@AR PL KaitiM GB=\count133
Package fontspec Info: Defining font family for 'AR PL KaitiM GB' with options 
[BoldFont={AR PL KaitiM GB},ItalicFont={AR PL KaitiM GB},BoldItalicFont={AR PL 
KaitiM GB},BoldFeatures={RawFeature={embolden=4}},ItalicFeatures={RawFeature={s
lant=0.17}},BoldItalicFeatures={RawFeature={slant=0.17,embolden=4}}] on input l
ine 116.
\c@zf@famc@LiSu=\count134
Package fontspec Info: Defining font family for 'LiSu' with options [BoldFont={
LiSu},ItalicFont={LiSu},BoldItalicFont={LiSu},BoldFeatures={RawFeature={embolde
n=4}},ItalicFeatures={RawFeature={slant=0.17}},BoldItalicFeatures={RawFeature={
slant=0.17,embolden=4}}] on input line 117.
\c@zf@famc@YouYuan=\count135
Package fontspec Info: Defining font family for 'YouYuan' with options [BoldFon
t={YouYuan},ItalicFont={YouYuan},BoldItalicFont={YouYuan},BoldFeatures={RawFeat
ure={embolden=4}},ItalicFeatures={RawFeature={slant=0.17}},BoldItalicFeatures={
RawFeature={slant=0.17,embolden=4}}] on input line 119.
\c@zf@famc@STFangsong=\count136
Package fontspec Info: Defining font family for 'STFangsong' with options [Bold
Font={STFangsong},ItalicFont={STFangsong},BoldItalicFont={STFangsong},BoldFeatu
res={RawFeature={embolden=4}},ItalicFeatures={RawFeature={slant=0.17}},BoldItal
icFeatures={RawFeature={slant=0.17,embolden=4}}] on input line 120.
\c@zf@famc@STXingkai=\count137
Package fontspec Info: Defining font family for 'STXingkai' with options [BoldF
ont={STXingkai},ItalicFont={STXingkai},BoldItalicFont={STXingkai},BoldFeatures=
{RawFeature={embolden=4}},ItalicFeatures={RawFeature={slant=0.17}},BoldItalicFe
atures={RawFeature={slant=0.17,embolden=4}}] on input line 121.

(D:\CTEX\MiKTeX\tex\latex\titlesec\block.tss
File: block.tss 2007/08/12
)
\@nomenclaturefile=\write3

Writing nomenclature file main.nlo
\c@zjuhypothsis=\count138
\c@zjudefine=\count139
\c@zjutheorem=\count140
\c@zjuproposition=\count141
) (D:\CTEX\MiKTeX\tex\latex\subfigure\subfigure.sty
Package: subfigure 2002/07/30 v2.1.4 subfigure package
\subfigtopskip=\skip72
\subfigcapskip=\skip73
\subfigcaptopadj=\dimen155
\subfigbottomskip=\skip74
\subfigcapmargin=\dimen156
\subfiglabelskip=\skip75
\c@subfigure=\count142
\c@lofdepth=\count143
\c@subtable=\count144
\c@lotdepth=\count145

****************************************
* Local config file subfigure.cfg used *
****************************************
(D:\CTEX\MiKTeX\tex\latex\subfigure\subfigure.cfg)
\subfig@top=\skip76
\subfig@bottom=\skip77
) (main.aux (data/absc.aux)
(data/abse.aux) (data/chap1.aux) (data/chap2.aux) (data/chap3.aux)
(data/chap4.aux) (data/chap5.aux) (data/chap6.aux) (data/thanks.aux)
(data/appe.aux) (data/task.aux) (data/eval.aux))
LaTeX Font Info:    Checking defaults for OML/cmm/m/it on input line 14.
LaTeX Font Info:    ... okay on input line 14.
LaTeX Font Info:    Checking defaults for T1/cmr/m/n on input line 14.
LaTeX Font Info:    ... okay on input line 14.
LaTeX Font Info:    Checking defaults for OT1/cmr/m/n on input line 14.
LaTeX Font Info:    ... okay on input line 14.
LaTeX Font Info:    Checking defaults for OMS/cmsy/m/n on input line 14.
LaTeX Font Info:    ... okay on input line 14.
LaTeX Font Info:    Checking defaults for OMX/cmex/m/n on input line 14.
LaTeX Font Info:    ... okay on input line 14.
LaTeX Font Info:    Checking defaults for U/cmr/m/n on input line 14.
LaTeX Font Info:    ... okay on input line 14.
LaTeX Font Info:    Checking defaults for EU1/lmr/m/n on input line 14.
LaTeX Font Info:    ... okay on input line 14.

*geometry detected driver: pdftex*
-------------------- Geometry parameters
paper: class default
landscape: --
twocolumn: --
twoside: true
asymmetric: --
h-parts: 96.73918pt, 432.48225pt, 68.28644pt
v-parts: 56.9055pt, 719.8549pt, 68.28644pt
hmarginratio: --
vmarginratio: --
lines: --
heightrounded: --
bindingoffset: 0.0pt
truedimen: --
includehead: true
includefoot: true
includemp: --
driver: pdftex
-------------------- Page layout dimensions and switches
\paperwidth  597.50787pt
\paperheight 845.04684pt
\textwidth  432.48225pt
\textheight 657.98111pt
\oddsidemargin  24.4692pt
\evensidemargin -3.98355pt
\topmargin  -15.36449pt
\headheight 27.0pt
\headsep    19.8738pt
\footskip   36.98866pt
\marginparwidth 88.0pt
\marginparsep   7.0pt
\columnsep  10.0pt
\skip\footins  10.8pt plus 4.0pt minus 2.0pt
\hoffset 0.0pt
\voffset 0.0pt
\mag 1000
\@twosidetrue \@mparswitchtrue 
(1in=72.27pt, 1cm=28.45pt)
-----------------------
Package fontspec Info: Adjusting the maths setup (use [no-math] to avoid this).
 on input line 14.
\symlegacymaths=\mathgroup7
LaTeX Font Info:    Overwriting symbol font `legacymaths' in version `bold'
(Font)                  OT1/cmr/m/n --> OT1/cmr/bx/n on input line 14.
LaTeX Font Info:    Redeclaring math accent \acute on input line 14.
LaTeX Font Info:    Redeclaring math accent \grave on input line 14.
LaTeX Font Info:    Redeclaring math accent \ddot on input line 14.
LaTeX Font Info:    Redeclaring math accent \tilde on input line 14.
LaTeX Font Info:    Redeclaring math accent \bar on input line 14.
LaTeX Font Info:    Redeclaring math accent \breve on input line 14.
LaTeX Font Info:    Redeclaring math accent \check on input line 14.
LaTeX Font Info:    Redeclaring math accent \hat on input line 14.
LaTeX Font Info:    Redeclaring math accent \dot on input line 14.
LaTeX Font Info:    Redeclaring math accent \mathring on input line 14.
LaTeX Font Info:    Redeclaring math symbol \Gamma on input line 14.
LaTeX Font Info:    Redeclaring math symbol \Delta on input line 14.
LaTeX Font Info:    Redeclaring math symbol \Theta on input line 14.
LaTeX Font Info:    Redeclaring math symbol \Lambda on input line 14.
LaTeX Font Info:    Redeclaring math symbol \Xi on input line 14.
LaTeX Font Info:    Redeclaring math symbol \Pi on input line 14.
LaTeX Font Info:    Redeclaring math symbol \Sigma on input line 14.
LaTeX Font Info:    Redeclaring math symbol \Upsilon on input line 14.
LaTeX Font Info:    Redeclaring math symbol \Phi on input line 14.
LaTeX Font Info:    Redeclaring math symbol \Psi on input line 14.
LaTeX Font Info:    Redeclaring math symbol \Omega on input line 14.
LaTeX Font Info:    Redeclaring math symbol \mathdollar on input line 14.
LaTeX Font Info:    Redeclaring symbol font `operators' on input line 14.
LaTeX Font Info:    Encoding `OT1' has changed to `EU1' for symbol font
(Font)              `operators' in the math version `normal' on input line 14.
LaTeX Font Info:    Overwriting symbol font `operators' in version `normal'
(Font)                  OT1/cmr/m/n --> EU1/TimesNewRoman(0)/m/n on input line 
14.
LaTeX Font Info:    Encoding `OT1' has changed to `EU1' for symbol font
(Font)              `operators' in the math version `bold' on input line 14.
LaTeX Font Info:    Overwriting symbol font `operators' in version `bold'
(Font)                  OT1/cmr/bx/n --> EU1/TimesNewRoman(0)/m/n on input line
 14.
LaTeX Font Info:    Overwriting symbol font `operators' in version `normal'
(Font)                  EU1/TimesNewRoman(0)/m/n --> EU1/TimesNewRoman(0)/m/n o
n input line 14.
LaTeX Font Info:    Overwriting math alphabet `\mathrm' in version `normal'
(Font)                  EU1/TimesNewRoman(0)/m/n --> EU1/TimesNewRoman(0)/m/n o
n input line 14.
LaTeX Font Info:    Overwriting math alphabet `\mathit' in version `normal'
(Font)                  OT1/cmr/m/it --> EU1/TimesNewRoman(0)/m/it on input lin
e 14.
LaTeX Font Info:    Overwriting math alphabet `\mathbf' in version `normal'
(Font)                  OT1/cmr/bx/n --> EU1/TimesNewRoman(0)/bx/n on input lin
e 14.
LaTeX Font Info:    Overwriting math alphabet `\mathsf' in version `normal'
(Font)                  OT1/cmss/m/n --> EU1/Arial(0)/m/n on input line 14.
LaTeX Font Info:    Overwriting math alphabet `\mathtt' in version `normal'
(Font)                  OT1/cmtt/m/n --> EU1/CourierNew(0)/m/n on input line 14
.
LaTeX Font Info:    Overwriting symbol font `operators' in version `bold'
(Font)                  EU1/TimesNewRoman(0)/m/n --> EU1/TimesNewRoman(0)/bx/n 
on input line 14.
LaTeX Font Info:    Overwriting math alphabet `\mathrm' in version `bold'
(Font)                  EU1/TimesNewRoman(0)/m/n --> EU1/TimesNewRoman(0)/bx/n 
on input line 14.
LaTeX Font Info:    Overwriting math alphabet `\mathit' in version `bold'
(Font)                  OT1/cmr/bx/it --> EU1/TimesNewRoman(0)/bx/it on input l
ine 14.
LaTeX Font Info:    Overwriting math alphabet `\mathsf' in version `bold'
(Font)                  OT1/cmss/bx/n --> EU1/Arial(0)/bx/n on input line 14.
LaTeX Font Info:    Overwriting math alphabet `\mathtt' in version `bold'
(Font)                  OT1/cmtt/m/n --> EU1/CourierNew(0)/bx/n on input line 1
4.
Package caption Info: Begin \AtBeginDocument code.
Package caption Info: End \AtBeginDocument code.
(csbachelor.cfg
LaTeX Info: Redefining \gbt7714 on input line 49.
) (data/cover.tex
File: images/zjdx.png Graphic file (type QTm)
 <use  "images/zjdx.png" >
File: images/standxb.png Graphic file (type QTm)

<use  "images/standxb.png" >
Package xeCJK Info: Punct spaces for 'simsun' not found. Loading 'def' instead.
 on input line 22.
Package xeCJK Info: Punct spaces for 'simsun' not found. Loading 'def' instead.
 on input line 28.
LaTeX Font Info:    Try loading font information for U+msa on input line 28.
 (D:\CTEX\MiKTeX\tex\latex\amsfonts\umsa.fd
File: umsa.fd 2009/06/22 v3.00 AMS symbols A
)
LaTeX Font Info:    Try loading font information for U+msb on input line 28.

(D:\CTEX\MiKTeX\tex\latex\amsfonts\umsb.fd
File: umsb.fd 2009/06/22 v3.00 AMS symbols B
)
LaTeX Font Info:    Try loading font information for U+rsfs on input line 28.

(D:\CTEX\MiKTeX\tex\latex\jknappen\ursfs.fd
File: ursfs.fd 1998/03/24 rsfs font definition file (jk)
) [1

] [2]
File: images/standxb.png Graphic file (type QTm)

<use  "images/standxb.png" >
Overfull \hbox (19.491pt too wide) in paragraph at lines 62--63
[] \EU1/TimesNewRoman(0)/bx/n/16 TITLE: [] 
 []

[3]) (data/announce.tex [4]
Package xeCJK Info: Punct spaces for 'simhei' not found. Loading 'def' instead.
 on input line 7.
LaTeX Font Info:    Calculating math sizes for size <14> on input line 23.
 [5]) [6] (data/absc.tex
Package xeCJK Info: Punct spaces for 'simsun' not found. Loading 'def' instead.
 on input line 11.
) [1



] (data/abse.tex)
[2



] (main.toc)
\tf@toc=\write4
 [3


] [4

] (data/chap1.tex
Chapter 1.
) [1


] (data/chap2.tex
Chapter 2.
) [2



] (data/chap3.tex
Chapter 3.
) [3



] (data/chap4.tex
Chapter 4.
) [4



] (data/chap5.tex
Chapter 5.
) [5



] (data/chap6.tex
Chapter 6.
) [6



]
No file main.bbl.
(data/thanks.tex) [7




] (data/appe.tex) [8



] (data/task.tex
Package xeCJK Info: Punct spaces for 'stxingkai' not found. Loading 'def' inste
ad. on input line 2.
Package xeCJK Info: Punct spaces for 'stfangsong' not found. Loading 'def' inst
ead. on input line 8.
) [9



] (data/eval.tex
Package xeCJK Info: Punct spaces for 'stfangsong' not found. Loading 'def' inst
ead. on input line 2.
)
[10



] (main.aux (data/absc.aux) (data/abse.aux) (data/chap1.aux) (data/chap2.aux) (
data/chap3.aux) (data/chap4.aux) (data/chap5.aux) (data/chap6.aux)
(data/thanks.aux) (data/appe.aux) (data/task.aux) (data/eval.aux)) ) 
Here is how much of TeX's memory you used:
 9231 strings out of 30452
 138674 string characters out of 1190668
 231427 words of memory out of 1500000
 12065 multiletter control sequences out of 110000
 12692 words of font info for 112 fonts, out of 3000000 for 5000
 14 hyphenation exceptions out of 8191
 60i,11n,94p,456b,351s stack positions out of 5000i,500n,10000p,200000b,50000s

Output written on main.pdf (20 pages).
